0 info it worked if it ends with ok
1 verbose cli [ '/usr/local/bin/node', '/usr/local/bin/npm', 'run', 'database' ]
2 info using npm@3.10.10
3 info using node@v6.10.1
4 verbose run-script [ 'predatabase', 'database', 'postdatabase' ]
5 info lifecycle server@1.0.0~predatabase: server@1.0.0
6 silly lifecycle server@1.0.0~predatabase: no script for predatabase, continuing
7 info lifecycle server@1.0.0~database: server@1.0.0
8 verbose lifecycle server@1.0.0~database: unsafe-perm in lifecycle true
9 verbose lifecycle server@1.0.0~database: PATH: /usr/local/lib/node_modules/npm/bin/node-gyp-bin:/Users/account_ivan/Desktop/e-commerce/server/node_modules/.bin:/usr/local/bin:/usr/bin:/bin:/usr/sbin:/sbin:/Applications/Wireshark.app/Contents/MacOS
10 verbose lifecycle server@1.0.0~database: CWD: /Users/account_ivan/Desktop/e-commerce/server
11 silly lifecycle server@1.0.0~database: Args: [ '-c', 'mongod --dbpath data/db' ]
12 silly lifecycle server@1.0.0~database: Returned: code: 48  signal: null
13 info lifecycle server@1.0.0~database: Failed to exec database script
14 verbose stack Error: server@1.0.0 database: `mongod --dbpath data/db`
14 verbose stack Exit status 48
14 verbose stack     at EventEmitter.<anonymous> (/usr/local/lib/node_modules/npm/lib/utils/lifecycle.js:255:16)
14 verbose stack     at emitTwo (events.js:106:13)
14 verbose stack     at EventEmitter.emit (events.js:191:7)
14 verbose stack     at ChildProcess.<anonymous> (/usr/local/lib/node_modules/npm/lib/utils/spawn.js:40:14)
14 verbose stack     at emitTwo (events.js:106:13)
14 verbose stack     at ChildProcess.emit (events.js:191:7)
14 verbose stack     at maybeClose (internal/child_process.js:886:16)
14 verbose stack     at Process.ChildProcess._handle.onexit (internal/child_process.js:226:5)
15 verbose pkgid server@1.0.0
16 verbose cwd /Users/account_ivan/Desktop/e-commerce/server
17 error Darwin 17.2.0
18 error argv "/usr/local/bin/node" "/usr/local/bin/npm" "run" "database"
19 error node v6.10.1
20 error npm  v3.10.10
21 error code ELIFECYCLE
22 error server@1.0.0 database: `mongod --dbpath data/db`
22 error Exit status 48
23 error Failed at the server@1.0.0 database script 'mongod --dbpath data/db'.
23 error Make sure you have the latest version of node.js and npm installed.
23 error If you do, this is most likely a problem with the server package,
23 error not with npm itself.
23 error Tell the author that this fails on your system:
23 error     mongod --dbpath data/db
23 error You can get information on how to open an issue for this project with:
23 error     npm bugs server
23 error Or if that isn't available, you can get their info via:
23 error     npm owner ls server
23 error There is likely additional logging output above.
24 verbose exit [ 1, true ]
